<?xml version="1.0" encoding="UTF-8"?>
<!-- Generated by org.testng.reporters.JUnitXMLReporter -->
<testsuite hostname="vishal" ignored="0" name="Default test" tests="5" failures="0" timestamp="2020-06-24T10:30:48 IST" time="0.051" errors="0">
  <testcase name="testMethod10" time="0.008" classname="testNgPackage.testNgBasic4"/>
  <testcase name="testMethod10" time="0.001" classname="testNgPackage.testNgBasic4"/>
  <testcase name="testMethod10" time="0.001" classname="testNgPackage.testNgBasic4"/>
  <testcase name="testMethod8" time="0.002" classname="testNgPackage.testNgBasic4"/>
  <testcase name="testMethod9" time="0.001" classname="testNgPackage.testNgBasic4"/>
</testsuite> <!-- Default test -->
