<?xml version="1.0" encoding="UTF-8"?>
<!-- Generated by org.testng.reporters.JUnitXMLReporter -->
<testsuite hostname="vishal" ignored="0" name="Test" tests="4" failures="0" timestamp="2020-06-23T11:34:36 IST" time="0.078" errors="0">
  <testcase name="testMethod1" time="0.012" classname="testNgPackage.testNgBasic"/>
  <testcase name="testMethod2" time="0.002" classname="testNgPackage.testNgBasic"/>
  <testcase name="testMethod3" time="0.002" classname="testNgPackage.testNgBasic2"/>
  <testcase name="testMethod4" time="0.001" classname="testNgPackage.testNgBasic2"/>
</testsuite> <!-- Test -->
