<?xml version="1.0" encoding="UTF-8"?>
<!-- Generated by org.testng.reporters.JUnitXMLReporter -->
<testsuite hostname="vishal" ignored="2" name="Car Loan" tests="2" failures="0" timestamp="2020-06-24T12:02:46 IST" time="0.041" errors="0">
  <testcase name="testMethod5" time="0.01" classname="testNgPackage.testNgBasic3"/>
  <testcase name="testMethod7" time="0.001" classname="testNgPackage.testNgBasic3"/>
  <testcase name="Mobile2testMethod6" time="0.0" classname="testNgPackage.testNgBasic3">
    <ignored/>
  </testcase> <!-- Mobile2testMethod6 -->
  <testcase name="MobiletestMethod6" time="0.0" classname="testNgPackage.testNgBasic3">
    <ignored/>
  </testcase> <!-- MobiletestMethod6 -->
</testsuite> <!-- Car Loan -->
