<?xml version="1.0" encoding="UTF-8"?>
<!-- Generated by org.testng.reporters.JUnitXMLReporter -->
<testsuite hostname="vishal" ignored="3" name="Personal Loan" tests="4" failures="0" timestamp="2020-06-24T12:02:46 IST" time="0.04" errors="0">
  <testcase name="testMethod3" time="0.005" classname="testNgPackage.testNgBasic2"/>
  <testcase name="testMethod2" time="0.007" classname="testNgPackage.testNgBasic"/>
  <testcase name="testMethod9" time="0.006" classname="testNgPackage.testNgBasic4"/>
  <testcase name="testMethod1" time="0.001" classname="testNgPackage.testNgBasic"/>
  <testcase name="testMethod10" time="0.0" classname="testNgPackage.testNgBasic4">
    <ignored/>
  </testcase> <!-- testMethod10 -->
  <testcase name="testMethod8" time="0.0" classname="testNgPackage.testNgBasic4">
    <ignored/>
  </testcase> <!-- testMethod8 -->
  <testcase name="testMethod4" time="0.0" classname="testNgPackage.testNgBasic2">
    <ignored/>
  </testcase> <!-- testMethod4 -->
</testsuite> <!-- Personal Loan -->
