<?xml version="1.0" encoding="UTF-8"?>
<!-- Generated by org.testng.reporters.JUnitXMLReporter -->
<testsuite hostname="vishal" ignored="4" name="Smoke" tests="7" failures="0" timestamp="2020-06-23T18:23:57 IST" time="0.042" errors="0">
  <testcase name="testMethod1" time="0.006" classname="testNgPackage.testNgBasic"/>
  <testcase name="testMethod4" time="0.001" classname="testNgPackage.testNgBasic2"/>
  <testcase name="Mobile2testMethod6" time="0.001" classname="testNgPackage.testNgBasic3"/>
  <testcase name="MobiletestMethod6" time="0.001" classname="testNgPackage.testNgBasic3"/>
  <testcase name="testMethod5" time="0.001" classname="testNgPackage.testNgBasic3"/>
  <testcase name="testMethod10" time="0.001" classname="testNgPackage.testNgBasic4"/>
  <testcase name="testMethod8" time="0.0" classname="testNgPackage.testNgBasic4"/>
  <testcase name="testMethod2" time="0.0" classname="testNgPackage.testNgBasic">
    <ignored/>
  </testcase> <!-- testMethod2 -->
  <testcase name="testMethod7" time="0.0" classname="testNgPackage.testNgBasic3">
    <ignored/>
  </testcase> <!-- testMethod7 -->
  <testcase name="testMethod3" time="0.0" classname="testNgPackage.testNgBasic2">
    <ignored/>
  </testcase> <!-- testMethod3 -->
  <testcase name="testMethod9" time="0.0" classname="testNgPackage.testNgBasic4">
    <ignored/>
  </testcase> <!-- testMethod9 -->
</testsuite> <!-- Smoke -->
