<?xml version="1.0" encoding="UTF-8"?>
<testng-results skipped="0" failed="0" ignored="5" total="11" passed="6">
  <reporter-output>
  </reporter-output>
  <suite name="Loan department" duration-ms="41" started-at="2020-06-24T12:02:46 IST" finished-at="2020-06-24T12:02:46 IST">
    <groups>
      <group name="smoke">
        <method signature="testNgBasic.testMethod2()[pri:0, instance:testNgPackage.testNgBasic@47ef968d]" name="testMethod2" class="testNgPackage.testNgBasic"/>
        <method signature="testNgBasic2.testMethod3()[pri:0, instance:testNgPackage.testNgBasic2@5bc79255]" name="testMethod3" class="testNgPackage.testNgBasic2"/>
        <method signature="testNgBasic4.testMethod9()[pri:0, instance:testNgPackage.testNgBasic4@6e0e048a]" name="testMethod9" class="testNgPackage.testNgBasic4"/>
        <method signature="testNgBasic3.testMethod7()[pri:0, instance:testNgPackage.testNgBasic3@694e1548]" name="testMethod7" class="testNgPackage.testNgBasic3"/>
      </group> <!-- smoke -->
    </groups>
    <test name="Personal Loan" duration-ms="40" started-at="2020-06-24T12:02:46 IST" finished-at="2020-06-24T12:02:46 IST">
      <class name="testNgPackage.testNgBasic4">
        <test-method status="PASS" signature="testMethod9()[pri:0, instance:testNgPackage.testNgBasic4@6e0e048a]" name="testMethod9" duration-ms="6" started-at="2020-06-24T12:02:46 IST" finished-at="2020-06-24T12:02:46 IST">
          <reporter-output>
          </reporter-output>
        </test-method> <!-- testMethod9 -->
      </class> <!-- testNgPackage.testNgBasic4 -->
      <class name="testNgPackage.testNgBasic2">
        <test-method status="PASS" signature="beforeTest()[pri:0, instance:testNgPackage.testNgBasic2@5bc79255]" name="beforeTest" is-config="true" duration-ms="1" started-at="2020-06-24T12:02:46 IST" finished-at="2020-06-24T12:02:46 IST">
          <reporter-output>
          </reporter-output>
        </test-method> <!-- beforeTest -->
        <test-method status="PASS" signature="testMethod3()[pri:0, instance:testNgPackage.testNgBasic2@5bc79255]" name="testMethod3" duration-ms="5" started-at="2020-06-24T12:02:46 IST" finished-at="2020-06-24T12:02:46 IST">
          <reporter-output>
          </reporter-output>
        </test-method> <!-- testMethod3 -->
        <test-method status="PASS" signature="afterTest()[pri:0, instance:testNgPackage.testNgBasic2@5bc79255]" name="afterTest" is-config="true" duration-ms="0" started-at="2020-06-24T12:02:46 IST" finished-at="2020-06-24T12:02:46 IST">
          <reporter-output>
          </reporter-output>
        </test-method> <!-- afterTest -->
      </class> <!-- testNgPackage.testNgBasic2 -->
      <class name="testNgPackage.testNgBasic">
        <test-method status="PASS" signature="beforeClass()[pri:0, instance:testNgPackage.testNgBasic@47ef968d]" name="beforeClass" is-config="true" duration-ms="0" started-at="2020-06-24T12:02:46 IST" finished-at="2020-06-24T12:02:46 IST">
          <reporter-output>
          </reporter-output>
        </test-method> <!-- beforeClass -->
        <test-method status="PASS" signature="testMethod2()[pri:0, instance:testNgPackage.testNgBasic@47ef968d]" name="testMethod2" duration-ms="7" started-at="2020-06-24T12:02:46 IST" finished-at="2020-06-24T12:02:46 IST">
          <reporter-output>
          </reporter-output>
        </test-method> <!-- testMethod2 -->
        <test-method status="PASS" signature="testMethod1()[pri:0, instance:testNgPackage.testNgBasic@47ef968d]" name="testMethod1" duration-ms="1" started-at="2020-06-24T12:02:46 IST" depends-on-methods="testNgPackage.testNgBasic.testMethod2" finished-at="2020-06-24T12:02:46 IST">
          <reporter-output>
          </reporter-output>
        </test-method> <!-- testMethod1 -->
        <test-method status="PASS" signature="afterClass()[pri:0, instance:testNgPackage.testNgBasic@47ef968d]" name="afterClass" is-config="true" duration-ms="1" started-at="2020-06-24T12:02:46 IST" finished-at="2020-06-24T12:02:46 IST">
          <reporter-output>
          </reporter-output>
        </test-method> <!-- afterClass -->
      </class> <!-- testNgPackage.testNgBasic -->
    </test> <!-- Personal Loan -->
    <test name="Car Loan" duration-ms="41" started-at="2020-06-24T12:02:46 IST" finished-at="2020-06-24T12:02:46 IST">
      <class name="testNgPackage.testNgBasic4">
        <test-method status="PASS" signature="beforeSuite()[pri:0, instance:testNgPackage.testNgBasic4@6e0e048a]" name="beforeSuite" is-config="true" duration-ms="9" started-at="2020-06-24T12:02:46 IST" finished-at="2020-06-24T12:02:46 IST">
          <reporter-output>
          </reporter-output>
        </test-method> <!-- beforeSuite -->
        <test-method status="PASS" signature="afterSuite()[pri:0, instance:testNgPackage.testNgBasic4@6e0e048a]" name="afterSuite" is-config="true" duration-ms="0" started-at="2020-06-24T12:02:46 IST" finished-at="2020-06-24T12:02:46 IST">
          <reporter-output>
          </reporter-output>
        </test-method> <!-- afterSuite -->
      </class> <!-- testNgPackage.testNgBasic4 -->
      <class name="testNgPackage.testNgBasic3">
        <test-method status="PASS" signature="beforeMethod()[pri:0, instance:testNgPackage.testNgBasic3@694e1548]" name="beforeMethod" is-config="true" duration-ms="0" started-at="2020-06-24T12:02:46 IST" finished-at="2020-06-24T12:02:46 IST">
          <reporter-output>
          </reporter-output>
        </test-method> <!-- beforeMethod -->
        <test-method status="PASS" signature="testMethod5()[pri:0, instance:testNgPackage.testNgBasic3@694e1548]" name="testMethod5" duration-ms="10" started-at="2020-06-24T12:02:46 IST" finished-at="2020-06-24T12:02:46 IST">
          <reporter-output>
          </reporter-output>
        </test-method> <!-- testMethod5 -->
        <test-method status="PASS" signature="beforeMethod()[pri:0, instance:testNgPackage.testNgBasic3@694e1548]" name="beforeMethod" is-config="true" duration-ms="1" started-at="2020-06-24T12:02:46 IST" finished-at="2020-06-24T12:02:46 IST">
          <reporter-output>
          </reporter-output>
        </test-method> <!-- beforeMethod -->
        <test-method status="PASS" signature="afterMethod()[pri:0, instance:testNgPackage.testNgBasic3@694e1548]" name="afterMethod" is-config="true" duration-ms="0" started-at="2020-06-24T12:02:46 IST" finished-at="2020-06-24T12:02:46 IST">
          <reporter-output>
          </reporter-output>
        </test-method> <!-- afterMethod -->
        <test-method status="PASS" signature="testMethod7()[pri:0, instance:testNgPackage.testNgBasic3@694e1548]" name="testMethod7" duration-ms="1" started-at="2020-06-24T12:02:46 IST" finished-at="2020-06-24T12:02:46 IST">
          <reporter-output>
          </reporter-output>
        </test-method> <!-- testMethod7 -->
        <test-method status="PASS" signature="afterMethod()[pri:0, instance:testNgPackage.testNgBasic3@694e1548]" name="afterMethod" is-config="true" duration-ms="0" started-at="2020-06-24T12:02:46 IST" finished-at="2020-06-24T12:02:46 IST">
          <reporter-output>
          </reporter-output>
        </test-method> <!-- afterMethod -->
      </class> <!-- testNgPackage.testNgBasic3 -->
    </test> <!-- Car Loan -->
  </suite> <!-- Loan department -->
</testng-results>
